c:\users\usuario\documents\github\algoritmos2obl5\entrega5\debug\casodeprueba.obj
c:\users\usuario\documents\github\algoritmos2obl5\entrega5\debug\sistema.obj
c:\users\usuario\documents\github\algoritmos2obl5\entrega5\debug\comparadortira.obj
c:\users\usuario\documents\github\algoritmos2obl5\entrega5\debug\main.obj
c:\users\usuario\documents\github\algoritmos2obl5\entrega5\debug\edificio.obj
c:\users\usuario\documents\github\algoritmos2obl5\entrega5\debug\iteradorlistaordimp.obj
c:\users\usuario\documents\github\algoritmos2obl5\entrega5\debug\pruebasmock.obj
c:\users\usuario\documents\github\algoritmos2obl5\entrega5\debug\tira.obj
c:\users\usuario\documents\github\algoritmos2obl5\entrega5\debug\comparadortupla.obj
c:\users\usuario\documents\github\algoritmos2obl5\entrega5\debug\listaordimp.obj
c:\users\usuario\documents\github\algoritmos2obl5\entrega5\debug\vc140.pdb
c:\users\usuario\documents\github\algoritmos2obl5\entrega5\debug\entrega5.ilk
c:\users\usuario\documents\github\algoritmos2obl5\entrega5\debug\entrega5.exe
c:\users\usuario\documents\github\algoritmos2obl5\entrega5\debug\entrega5.pdb
c:\users\usuario\documents\github\algoritmos2obl5\entrega5\debug\vc140.idb
c:\users\usuario\documents\github\algoritmos2obl5\entrega5\debug\entrega5.tlog\cl.command.1.tlog
c:\users\usuario\documents\github\algoritmos2obl5\entrega5\debug\entrega5.tlog\cl.read.1.tlog
c:\users\usuario\documents\github\algoritmos2obl5\entrega5\debug\entrega5.tlog\cl.write.1.tlog
c:\users\usuario\documents\github\algoritmos2obl5\entrega5\debug\entrega5.tlog\link.command.1.tlog
c:\users\usuario\documents\github\algoritmos2obl5\entrega5\debug\entrega5.tlog\link.read.1.tlog
c:\users\usuario\documents\github\algoritmos2obl5\entrega5\debug\entrega5.tlog\link.write.1.tlog
